help.are
pain.are
kavir.are
dragon2.are
dragonheart.are
sunyata.are
eoeasy.are
eohard.are
midgaard.are
air.are
limbo.are
smurf.are
plains.are
ultima.are
ofcol2.are
olympus.are
shire.are
gnome.are
wyvern.are
catacomb.are
hood.are
draconia.are
mahntor.are
trollden.are
firenewt.are
grave.are
moria.are
juargan.are
eastern.are
pyramid.are
thalos.are
mirror.are
ofcol.are
dwarven.are
daycare.are
valley.are
mega1.are
marsh.are
dream.are
grove.are
canyon.are
galaxy.are
mobfact.are
start.are
doom.are
Vallanda.are
weed.are
arena.are
astral.are
hell.are
heaven.are
dystopia.are
classeq.are
classhq.are
willaz1.are
love.are
disney.are
area79.are
area80.are
area81.are
area83.are
area84.are
area43.are
area97.are
legends.are
$
