help.are
bullshit.are
limbo.are
pyramid.are
fuckya.are
drow.are
eoeasy.are
start.are
hell.are
classeq.are
gta.are
disney.are
old.are
brujah.are
area79.are
worldark.are
resievil.are
battgrou.are
area83.are
area70.are
classhq.are
heaven.are
newbfor.are
towdark.are
dbz.are
satanrvg.are
pendrago.are
cornwall.are
mansion.are
reaver.are
airforce.are
area97.are
cambria.are
final.are
area93.are
westside.are
holypath.are
arena.are
candylnd.are
mordor.are
charysse.are
newbie.are
area43.are
legends.are
aqua.are
blitzes.are
area46.are
area47.are
area48.are
artic.are
rquest.are
area51.are
rqarecon.are
kelud.are
kelswamp.are
area55.are
area56.are
area57.are
area58.are
$
